<?xml version="1.0" encoding="UTF-8"?>
<!-- Generated by org.testng.reporters.JUnitXMLReporter -->
<testsuite hostname="LAPTOP-1UNI7991" name="Default test" tests="7" failures="0" timestamp="4 Apr 2020 13:26:07 GMT" time="2.034" errors="0">
  <testcase name="verifyConvertCurrencyTest" time="0.136" classname="com.currencyapi.tests.ConvertCurrency"/>
  <testcase name="verifyConvertCurrencyTest" time="0.005" classname="com.currencyapi.tests.ConvertCurrency"/>
  <testcase name="verifyConvertCurrencyTest" time="0.005" classname="com.currencyapi.tests.ConvertCurrency"/>
  <testcase name="verifyConvertCurrencyTest" time="0.004" classname="com.currencyapi.tests.ConvertCurrency"/>
  <testcase name="verifyConvertCurrencyTest" time="0.005" classname="com.currencyapi.tests.ConvertCurrency"/>
  <testcase name="verifyConvertCurrencyTest" time="0.004" classname="com.currencyapi.tests.ConvertCurrency"/>
  <testcase name="verifyConvertCurrencyTest" time="0.003" classname="com.currencyapi.tests.ConvertCurrency"/>
</testsuite> <!-- Default test -->
