<?xml version="1.0" encoding="UTF-8"?>
<!-- Generated by org.testng.reporters.JUnitXMLReporter -->
<testsuite hostname="LAPTOP-1UNI7991" ignored="0" name="Currency Converter API Testcases" tests="3" failures="0" timestamp="03 Apr 2020 11:27:28 GMT" time="13.162" errors="0">
  <testcase name="verifyConvertCurrencyTest" time="6.101" classname="com.currencyapi.tests.ConvertCurrency"/>
  <testcase name="verifyAvailableCurrenciesTest" time="1.436" classname="com.currencyapi.tests.GetAvailableCurrencies"/>
  <testcase name="verifyHistoricalCurrencyRateTest" time="3.39" classname="com.currencyapi.tests.GetHistoricalCurrencyRate"/>
</testsuite> <!-- Currency Converter API Testcases -->
