<?xml version="1.0" encoding="UTF-8"?>
<!-- Generated by org.testng.reporters.JUnitXMLReporter -->
<testsuite hostname="LAPTOP-1UNI7991" name="Currency Converter API Testcases" tests="3" failures="0" timestamp="3 Apr 2020 11:26:18 GMT" time="13.74" errors="0">
  <testcase name="verifyConvertCurrencyTest" time="7.358" classname="com.currencyapi.tests.ConvertCurrency"/>
  <testcase name="verifyAvailableCurrenciesTest" time="2.827" classname="com.currencyapi.tests.GetAvailableCurrencies"/>
  <testcase name="verifyHistoricalCurrencyRateTest" time="2.549" classname="com.currencyapi.tests.GetHistoricalCurrencyRate"/>
</testsuite> <!-- Currency Converter API Testcases -->
