<?xml version="1.0" encoding="UTF-8"?>
<testng-results skipped="0" failed="0" total="7" passed="7">
  <reporter-output>
  </reporter-output>
  <suite name="Default suite" duration-ms="2034" started-at="2020-04-04T13:26:05Z" finished-at="2020-04-04T13:26:07Z">
    <groups>
    </groups>
    <test name="Default test" duration-ms="2034" started-at="2020-04-04T13:26:05Z" finished-at="2020-04-04T13:26:07Z">
      <class name="com.currencyapi.tests.ConvertCurrency">
        <test-method status="PASS" signature="setUp()[pri:0, instance:com.currencyapi.tests.ConvertCurrency@12028586]" name="setUp" is-config="true" duration-ms="1084" started-at="2020-04-04T18:56:06Z" finished-at="2020-04-04T18:56:07Z">
          <reporter-output>
          </reporter-output>
        </test-method> <!-- setUp -->
        <test-method status="PASS" signature="verifyConvertCurrencyTest(java.lang.String)[pri:0, instance:com.currencyapi.tests.ConvertCurrency@12028586]" name="verifyConvertCurrencyTest" duration-ms="136" started-at="2020-04-04T18:56:07Z" data-provider="getDataForAmountParam" finished-at="2020-04-04T18:56:07Z">
          <params>
            <param index="0">
              <value>
                <![CDATA[-2.0]]>
              </value>
            </param>
          </params>
          <reporter-output>
          </reporter-output>
        </test-method> <!-- verifyConvertCurrencyTest -->
        <test-method status="PASS" signature="setUp()[pri:0, instance:com.currencyapi.tests.ConvertCurrency@12028586]" name="setUp" is-config="true" duration-ms="3" started-at="2020-04-04T18:56:07Z" finished-at="2020-04-04T18:56:07Z">
          <reporter-output>
          </reporter-output>
        </test-method> <!-- setUp -->
        <test-method status="PASS" signature="verifyConvertCurrencyTest(java.lang.String)[pri:0, instance:com.currencyapi.tests.ConvertCurrency@12028586]" name="verifyConvertCurrencyTest" duration-ms="5" started-at="2020-04-04T18:56:07Z" data-provider="getDataForAmountParam" finished-at="2020-04-04T18:56:07Z">
          <params>
            <param index="0">
              <value>
                <![CDATA[]]>
              </value>
            </param>
          </params>
          <reporter-output>
          </reporter-output>
        </test-method> <!-- verifyConvertCurrencyTest -->
        <test-method status="PASS" signature="setUp()[pri:0, instance:com.currencyapi.tests.ConvertCurrency@12028586]" name="setUp" is-config="true" duration-ms="3" started-at="2020-04-04T18:56:07Z" finished-at="2020-04-04T18:56:07Z">
          <reporter-output>
          </reporter-output>
        </test-method> <!-- setUp -->
        <test-method status="PASS" signature="verifyConvertCurrencyTest(java.lang.String)[pri:0, instance:com.currencyapi.tests.ConvertCurrency@12028586]" name="verifyConvertCurrencyTest" duration-ms="5" started-at="2020-04-04T18:56:07Z" data-provider="getDataForAmountParam" finished-at="2020-04-04T18:56:07Z">
          <params>
            <param index="0">
              <value>
                <![CDATA[0.0]]>
              </value>
            </param>
          </params>
          <reporter-output>
          </reporter-output>
        </test-method> <!-- verifyConvertCurrencyTest -->
        <test-method status="PASS" signature="setUp()[pri:0, instance:com.currencyapi.tests.ConvertCurrency@12028586]" name="setUp" is-config="true" duration-ms="6" started-at="2020-04-04T18:56:07Z" finished-at="2020-04-04T18:56:07Z">
          <reporter-output>
          </reporter-output>
        </test-method> <!-- setUp -->
        <test-method status="PASS" signature="verifyConvertCurrencyTest(java.lang.String)[pri:0, instance:com.currencyapi.tests.ConvertCurrency@12028586]" name="verifyConvertCurrencyTest" duration-ms="4" started-at="2020-04-04T18:56:07Z" data-provider="getDataForAmountParam" finished-at="2020-04-04T18:56:07Z">
          <params>
            <param index="0">
              <value>
                <![CDATA[58.5]]>
              </value>
            </param>
          </params>
          <reporter-output>
          </reporter-output>
        </test-method> <!-- verifyConvertCurrencyTest -->
        <test-method status="PASS" signature="setUp()[pri:0, instance:com.currencyapi.tests.ConvertCurrency@12028586]" name="setUp" is-config="true" duration-ms="3" started-at="2020-04-04T18:56:07Z" finished-at="2020-04-04T18:56:07Z">
          <reporter-output>
          </reporter-output>
        </test-method> <!-- setUp -->
        <test-method status="PASS" signature="verifyConvertCurrencyTest(java.lang.String)[pri:0, instance:com.currencyapi.tests.ConvertCurrency@12028586]" name="verifyConvertCurrencyTest" duration-ms="5" started-at="2020-04-04T18:56:07Z" data-provider="getDataForAmountParam" finished-at="2020-04-04T18:56:07Z">
          <params>
            <param index="0">
              <value>
                <![CDATA[textValue]]>
              </value>
            </param>
          </params>
          <reporter-output>
          </reporter-output>
        </test-method> <!-- verifyConvertCurrencyTest -->
        <test-method status="PASS" signature="setUp()[pri:0, instance:com.currencyapi.tests.ConvertCurrency@12028586]" name="setUp" is-config="true" duration-ms="4" started-at="2020-04-04T18:56:07Z" finished-at="2020-04-04T18:56:07Z">
          <reporter-output>
          </reporter-output>
        </test-method> <!-- setUp -->
        <test-method status="PASS" signature="verifyConvertCurrencyTest(java.lang.String)[pri:0, instance:com.currencyapi.tests.ConvertCurrency@12028586]" name="verifyConvertCurrencyTest" duration-ms="4" started-at="2020-04-04T18:56:07Z" data-provider="getDataForAmountParam" finished-at="2020-04-04T18:56:07Z">
          <params>
            <param index="0">
              <value>
                <![CDATA[24.0]]>
              </value>
            </param>
          </params>
          <reporter-output>
          </reporter-output>
        </test-method> <!-- verifyConvertCurrencyTest -->
        <test-method status="PASS" signature="setUp()[pri:0, instance:com.currencyapi.tests.ConvertCurrency@12028586]" name="setUp" is-config="true" duration-ms="4" started-at="2020-04-04T18:56:07Z" finished-at="2020-04-04T18:56:07Z">
          <reporter-output>
          </reporter-output>
        </test-method> <!-- setUp -->
        <test-method status="PASS" signature="verifyConvertCurrencyTest(java.lang.String)[pri:0, instance:com.currencyapi.tests.ConvertCurrency@12028586]" name="verifyConvertCurrencyTest" duration-ms="3" started-at="2020-04-04T18:56:07Z" data-provider="getDataForAmountParam" finished-at="2020-04-04T18:56:07Z">
          <params>
            <param index="0">
              <value>
                <![CDATA[8.8888855555E10]]>
              </value>
            </param>
          </params>
          <reporter-output>
          </reporter-output>
        </test-method> <!-- verifyConvertCurrencyTest -->
      </class> <!-- com.currencyapi.tests.ConvertCurrency -->
    </test> <!-- Default test -->
  </suite> <!-- Default suite -->
</testng-results>
